<?xml version="1.0" encoding="UTF-8"?>
<!-- Generated by org.testng.reporters.JUnitReportReporter -->
<testsuite skipped="0" hostname="USER-JKFMHGFFJS" name="java20.TestData" tests="2" failures="0" timestamp="11 九月 2018 08:26:22 GMT" time="0.002" errors="0">
  <testcase name="testdemoe" time="0.001" classname="java20.TestData"/>
  <testcase name="testdemoe" time="0.001" classname="java20.TestData"/>
</testsuite> <!-- java20.TestData -->
