<?xml version="1.0" encoding="UTF-8"?>
<!-- Generated by org.testng.reporters.JUnitReportReporter -->
<testsuite skipped="0" hostname="PC-20160328ZRYD" name="TestNGTest1" tests="2" failures="0" timestamp="09 十二月 2017 03:52:10 GMT" time="0.014" errors="0">
  <testcase name="testOneItemCollection" time="0.005" classname="TestNGTest1"/>
  <testcase name="testEmptyCollection" time="0.009" classname="TestNGTest1"/>
</testsuite> <!-- TestNGTest1 -->
