<?xml version="1.0" encoding="UTF-8"?>
<!-- Generated by org.testng.reporters.JUnitReportReporter -->
<testsuite skipped="0" hostname="PC-20160328ZRYD" name="java20.TestData" tests="2" failures="0" timestamp="09 九月 2018 01:29:38 GMT" time="0.031" errors="0">
  <testcase name="testdemoe" time="0.016" classname="java20.TestData"/>
  <testcase name="testdemoe" time="0.015" classname="java20.TestData"/>
</testsuite> <!-- java20.TestData -->
