<?xml version="1.0" encoding="UTF-8"?>
<!-- Generated by org.testng.reporters.JUnitReportReporter -->
<testsuite skipped="0" hostname="USER-JKFMHGFFJS" name="com.jinjie.NewTest" tests="3" failures="0" timestamp="24 四月 2018 02:12:55 GMT" time="0.008" errors="0">
  <testcase name="f" time="0.001" classname="com.jinjie.NewTest"/>
  <testcase name="f" time="0.001" classname="com.jinjie.NewTest"/>
  <testcase name="f" time="0.006" classname="com.jinjie.NewTest"/>
</testsuite> <!-- com.jinjie.NewTest -->
