<?xml version="1.0" encoding="UTF-8"?>
<!-- Generated by org.testng.reporters.JUnitReportReporter -->
<testsuite skipped="0" hostname="PC-20160328ZRYD" name="com.jinjie.NewTest" tests="1" failures="0" timestamp="23 四月 2018 12:38:31 GMT" time="0.007" errors="0">
  <testcase name="f" time="0.007" classname="com.jinjie.NewTest"/>
</testsuite> <!-- com.jinjie.NewTest -->
